80331 DEBUG [2022-10-14 10:24:34]  https StatusCode:200
80331 DEBUG [2022-10-14 10:24:34]  Server:nginx
80331 DEBUG [2022-10-14 10:24:34]  Date:Fri, 14 Oct 2022 02:24:34 GMT
80331 DEBUG [2022-10-14 10:24:34]  Content-Type:application/json;charset=UTF-8
80331 DEBUG [2022-10-14 10:24:34]  Transfer-Encoding:chunked
80331 DEBUG [2022-10-14 10:24:34]  Connection:keep-alive
80331 DEBUG [2022-10-14 10:24:34]  Vary:Accept-Encoding
80331 DEBUG [2022-10-14 10:24:34]  X-Via-SSL:ssl.46.sinag1.yf.lb.sinanode.com
80331 WARN  [2022-10-14 10:24:34]  Going to buffer response body of large or unknown size. Using getResponseBodyAsStream instead is recommended.
0    DEBUG [2022-10-14 10:47:20]  Request:
0    DEBUG [2022-10-14 10:47:20]  GET:https://api.weibo.com/2/comments/show.json
31   DEBUG [2022-10-14 10:47:20]  Authorization: OAuth2 2.00L4pldCqwBsbD4399cde4cfRhl69B
31   DEBUG [2022-10-14 10:47:20]  API-RemoteIP: 10.39.168.136
1133 DEBUG [2022-10-14 10:47:21]  Response:
1133 DEBUG [2022-10-14 10:47:21]  https StatusCode:200
1133 DEBUG [2022-10-14 10:47:21]  Server:nginx
1133 DEBUG [2022-10-14 10:47:21]  Date:Fri, 14 Oct 2022 02:47:21 GMT
1133 DEBUG [2022-10-14 10:47:21]  Content-Type:application/json;charset=UTF-8
1133 DEBUG [2022-10-14 10:47:21]  Transfer-Encoding:chunked
1133 DEBUG [2022-10-14 10:47:21]  Connection:keep-alive
1133 DEBUG [2022-10-14 10:47:21]  Vary:Accept-Encoding
1133 DEBUG [2022-10-14 10:47:21]  X-Via-SSL:ssl.217.sinag1.yf.lb.sinanode.com
1133 WARN  [2022-10-14 10:47:21]  Going to buffer response body of large or unknown size. Using getResponseBodyAsStream instead is recommended.
3120 DEBUG [2022-10-14 10:47:23]  Request:
3120 DEBUG [2022-10-14 10:47:23]  GET:https://api.weibo.com/2/comments/show.json
3120 DEBUG [2022-10-14 10:47:23]  Authorization: OAuth2 2.00L4pldCqwBsbD4399cde4cfRhl69B
3120 DEBUG [2022-10-14 10:47:23]  API-RemoteIP: 10.39.168.136
3668 DEBUG [2022-10-14 10:47:24]  Response:
3668 DEBUG [2022-10-14 10:47:24]  https StatusCode:200
3668 DEBUG [2022-10-14 10:47:24]  Server:nginx
3668 DEBUG [2022-10-14 10:47:24]  Date:Fri, 14 Oct 2022 02:47:24 GMT
3668 DEBUG [2022-10-14 10:47:24]  Content-Type:application/json;charset=UTF-8
3668 DEBUG [2022-10-14 10:47:24]  Transfer-Encoding:chunked
3668 DEBUG [2022-10-14 10:47:24]  Connection:keep-alive
3668 DEBUG [2022-10-14 10:47:24]  Vary:Accept-Encoding
3668 DEBUG [2022-10-14 10:47:24]  X-Via-SSL:ssl.217.sinag1.yf.lb.sinanode.com
3668 WARN  [2022-10-14 10:47:24]  Going to buffer response body of large or unknown size. Using getResponseBodyAsStream instead is recommended.
5364 DEBUG [2022-10-14 10:47:25]  Request:
5364 DEBUG [2022-10-14 10:47:25]  GET:https://api.weibo.com/2/comments/show.json
5364 DEBUG [2022-10-14 10:47:25]  Authorization: OAuth2 2.00L4pldCqwBsbD4399cde4cfRhl69B
5364 DEBUG [2022-10-14 10:47:25]  API-RemoteIP: 10.39.168.136
5871 DEBUG [2022-10-14 10:47:26]  Response:
5871 DEBUG [2022-10-14 10:47:26]  https StatusCode:200
5871 DEBUG [2022-10-14 10:47:26]  Server:nginx
5871 DEBUG [2022-10-14 10:47:26]  Date:Fri, 14 Oct 2022 02:47:26 GMT
5871 DEBUG [2022-10-14 10:47:26]  Content-Type:application/json;charset=UTF-8
5871 DEBUG [2022-10-14 10:47:26]  Transfer-Encoding:chunked
5871 DEBUG [2022-10-14 10:47:26]  Connection:keep-alive
5871 DEBUG [2022-10-14 10:47:26]  Vary:Accept-Encoding
5871 DEBUG [2022-10-14 10:47:26]  X-Via-SSL:ssl.217.sinag1.yf.lb.sinanode.com
5871 WARN  [2022-10-14 10:47:26]  Going to buffer response body of large or unknown size. Using getResponseBodyAsStream instead is recommended.
7653 DEBUG [2022-10-14 10:47:28]  Request:
7653 DEBUG [2022-10-14 10:47:28]  GET:https://api.weibo.com/2/comments/show.json
7653 DEBUG [2022-10-14 10:47:28]  Authorization: OAuth2 2.00L4pldCqwBsbD4399cde4cfRhl69B
7653 DEBUG [2022-10-14 10:47:28]  API-RemoteIP: 10.39.168.136
8090 DEBUG [2022-10-14 10:47:28]  Response:
8090 DEBUG [2022-10-14 10:47:28]  https StatusCode:200
8090 DEBUG [2022-10-14 10:47:28]  Server:nginx
8090 DEBUG [2022-10-14 10:47:28]  Date:Fri, 14 Oct 2022 02:47:28 GMT
8090 DEBUG [2022-10-14 10:47:28]  Content-Type:application/json;charset=UTF-8
8090 DEBUG [2022-10-14 10:47:28]  Transfer-Encoding:chunked
8090 DEBUG [2022-10-14 10:47:28]  Connection:keep-alive
8090 DEBUG [2022-10-14 10:47:28]  Vary:Accept-Encoding
8090 DEBUG [2022-10-14 10:47:28]  X-Via-SSL:ssl.217.sinag1.yf.lb.sinanode.com
8090 WARN  [2022-10-14 10:47:28]  Going to buffer response body of large or unknown size. Using getResponseBodyAsStream instead is recommended.
9840 DEBUG [2022-10-14 10:47:30]  Request:
9840 DEBUG [2022-10-14 10:47:30]  GET:https://api.weibo.com/2/comments/show.json
9840 DEBUG [2022-10-14 10:47:30]  Authorization: OAuth2 2.00L4pldCqwBsbD4399cde4cfRhl69B
9840 DEBUG [2022-10-14 10:47:30]  API-RemoteIP: 10.39.168.136
10273 DEBUG [2022-10-14 10:47:30]  Response:
10273 DEBUG [2022-10-14 10:47:30]  https StatusCode:200
10273 DEBUG [2022-10-14 10:47:30]  Server:nginx
10273 DEBUG [2022-10-14 10:47:30]  Date:Fri, 14 Oct 2022 02:47:30 GMT
10273 DEBUG [2022-10-14 10:47:30]  Content-Type:application/json;charset=UTF-8
10273 DEBUG [2022-10-14 10:47:30]  Transfer-Encoding:chunked
10273 DEBUG [2022-10-14 10:47:30]  Connection:keep-alive
10273 DEBUG [2022-10-14 10:47:30]  Vary:Accept-Encoding
10273 DEBUG [2022-10-14 10:47:30]  X-Via-SSL:ssl.217.sinag1.yf.lb.sinanode.com
10273 WARN  [2022-10-14 10:47:30]  Going to buffer response body of large or unknown size. Using getResponseBodyAsStream instead is recommended.
12014 DEBUG [2022-10-14 10:47:32]  Request:
12014 DEBUG [2022-10-14 10:47:32]  GET:https://api.weibo.com/2/comments/show.json
12014 DEBUG [2022-10-14 10:47:32]  Authorization: OAuth2 2.00L4pldCqwBsbD4399cde4cfRhl69B
12014 DEBUG [2022-10-14 10:47:32]  API-RemoteIP: 10.39.168.136
12430 DEBUG [2022-10-14 10:47:32]  Response:
12430 DEBUG [2022-10-14 10:47:32]  https StatusCode:200
12430 DEBUG [2022-10-14 10:47:32]  Server:nginx
12430 DEBUG [2022-10-14 10:47:32]  Date:Fri, 14 Oct 2022 02:47:32 GMT
12430 DEBUG [2022-10-14 10:47:32]  Content-Type:application/json;charset=UTF-8
12430 DEBUG [2022-10-14 10:47:32]  Transfer-Encoding:chunked
12430 DEBUG [2022-10-14 10:47:32]  Connection:keep-alive
12430 DEBUG [2022-10-14 10:47:32]  Vary:Accept-Encoding
12430 DEBUG [2022-10-14 10:47:32]  X-Via-SSL:ssl.217.sinag1.yf.lb.sinanode.com
12430 WARN  [2022-10-14 10:47:32]  Going to buffer response body of large or unknown size. Using getResponseBodyAsStream instead is recommended.
14120 DEBUG [2022-10-14 10:47:34]  Request:
14120 DEBUG [2022-10-14 10:47:34]  GET:https://api.weibo.com/2/comments/show.json
14120 DEBUG [2022-10-14 10:47:34]  Authorization: OAuth2 2.00L4pldCqwBsbD4399cde4cfRhl69B
14120 DEBUG [2022-10-14 10:47:34]  API-RemoteIP: 10.39.168.136
14805 DEBUG [2022-10-14 10:47:35]  Response:
14805 DEBUG [2022-10-14 10:47:35]  https StatusCode:200
14805 DEBUG [2022-10-14 10:47:35]  Server:nginx
14805 DEBUG [2022-10-14 10:47:35]  Date:Fri, 14 Oct 2022 02:47:35 GMT
14805 DEBUG [2022-10-14 10:47:35]  Content-Type:application/json;charset=UTF-8
14805 DEBUG [2022-10-14 10:47:35]  Transfer-Encoding:chunked
14805 DEBUG [2022-10-14 10:47:35]  Connection:keep-alive
14805 DEBUG [2022-10-14 10:47:35]  Vary:Accept-Encoding
14805 DEBUG [2022-10-14 10:47:35]  X-Via-SSL:ssl.217.sinag1.yf.lb.sinanode.com
14805 WARN  [2022-10-14 10:47:35]  Going to buffer response body of large or unknown size. Using getResponseBodyAsStream instead is recommended.
16608 DEBUG [2022-10-14 10:47:36]  Request:
16608 DEBUG [2022-10-14 10:47:36]  GET:https://api.weibo.com/2/comments/show.json
16608 DEBUG [2022-10-14 10:47:36]  Authorization: OAuth2 2.00L4pldCqwBsbD4399cde4cfRhl69B
16608 DEBUG [2022-10-14 10:47:36]  API-RemoteIP: 10.39.168.136
17040 DEBUG [2022-10-14 10:47:37]  Response:
17040 DEBUG [2022-10-14 10:47:37]  https StatusCode:200
17040 DEBUG [2022-10-14 10:47:37]  Server:nginx
17040 DEBUG [2022-10-14 10:47:37]  Date:Fri, 14 Oct 2022 02:47:37 GMT
17040 DEBUG [2022-10-14 10:47:37]  Content-Type:application/json;charset=UTF-8
17040 DEBUG [2022-10-14 10:47:37]  Transfer-Encoding:chunked
17040 DEBUG [2022-10-14 10:47:37]  Connection:keep-alive
17040 DEBUG [2022-10-14 10:47:37]  Vary:Accept-Encoding
17040 DEBUG [2022-10-14 10:47:37]  X-Via-SSL:ssl.217.sinag1.yf.lb.sinanode.com
17040 WARN  [2022-10-14 10:47:37]  Going to buffer response body of large or unknown size. Using getResponseBodyAsStream instead is recommended.
18928 DEBUG [2022-10-14 10:47:39]  Request:
18928 DEBUG [2022-10-14 10:47:39]  GET:https://api.weibo.com/2/comments/show.json
18928 DEBUG [2022-10-14 10:47:39]  Authorization: OAuth2 2.00L4pldCqwBsbD4399cde4cfRhl69B
18928 DEBUG [2022-10-14 10:47:39]  API-RemoteIP: 10.39.168.136
19514 DEBUG [2022-10-14 10:47:39]  Response:
19514 DEBUG [2022-10-14 10:47:39]  https StatusCode:200
19514 DEBUG [2022-10-14 10:47:39]  Server:nginx
19514 DEBUG [2022-10-14 10:47:39]  Date:Fri, 14 Oct 2022 02:47:39 GMT
19514 DEBUG [2022-10-14 10:47:39]  Content-Type:application/json;charset=UTF-8
19514 DEBUG [2022-10-14 10:47:39]  Transfer-Encoding:chunked
19514 DEBUG [2022-10-14 10:47:39]  Connection:keep-alive
19514 DEBUG [2022-10-14 10:47:39]  Vary:Accept-Encoding
19514 DEBUG [2022-10-14 10:47:39]  X-Via-SSL:ssl.217.sinag1.yf.lb.sinanode.com
19514 WARN  [2022-10-14 10:47:39]  Going to buffer response body of large or unknown size. Using getResponseBodyAsStream instead is recommended.
21435 DEBUG [2022-10-14 10:47:41]  Request:
21435 DEBUG [2022-10-14 10:47:41]  GET:https://api.weibo.com/2/comments/show.json
21435 DEBUG [2022-10-14 10:47:41]  Authorization: OAuth2 2.00L4pldCqwBsbD4399cde4cfRhl69B
21435 DEBUG [2022-10-14 10:47:41]  API-RemoteIP: 10.39.168.136
21836 DEBUG [2022-10-14 10:47:42]  Response:
21836 DEBUG [2022-10-14 10:47:42]  https StatusCode:200
21836 DEBUG [2022-10-14 10:47:42]  Server:nginx
21836 DEBUG [2022-10-14 10:47:42]  Date:Fri, 14 Oct 2022 02:47:42 GMT
21836 DEBUG [2022-10-14 10:47:42]  Content-Type:application/json;charset=UTF-8
21836 DEBUG [2022-10-14 10:47:42]  Transfer-Encoding:chunked
21836 DEBUG [2022-10-14 10:47:42]  Connection:keep-alive
21836 DEBUG [2022-10-14 10:47:42]  Vary:Accept-Encoding
21836 DEBUG [2022-10-14 10:47:42]  X-Via-SSL:ssl.217.sinag1.yf.lb.sinanode.com
21836 WARN  [2022-10-14 10:47:42]  Going to buffer response body of large or unknown size. Using getResponseBodyAsStream instead is recommended.
23640 DEBUG [2022-10-14 10:47:44]  Request:
23640 DEBUG [2022-10-14 10:47:44]  GET:https://api.weibo.com/2/comments/show.json
23640 DEBUG [2022-10-14 10:47:44]  Authorization: OAuth2 2.00L4pldCqwBsbD4399cde4cfRhl69B
23640 DEBUG [2022-10-14 10:47:44]  API-RemoteIP: 10.39.168.136
23725 DEBUG [2022-10-14 10:47:44]  Response:
23725 DEBUG [2022-10-14 10:47:44]  https StatusCode:200
23725 DEBUG [2022-10-14 10:47:44]  Server:nginx
23725 DEBUG [2022-10-14 10:47:44]  Date:Fri, 14 Oct 2022 02:47:44 GMT
23725 DEBUG [2022-10-14 10:47:44]  Content-Type:application/json;charset=UTF-8
23725 DEBUG [2022-10-14 10:47:44]  Transfer-Encoding:chunked
23725 DEBUG [2022-10-14 10:47:44]  Connection:keep-alive
23725 DEBUG [2022-10-14 10:47:44]  Vary:Accept-Encoding
23725 DEBUG [2022-10-14 10:47:44]  X-Via-SSL:ssl.217.sinag1.yf.lb.sinanode.com
23725 WARN  [2022-10-14 10:47:44]  Going to buffer response body of large or unknown size. Using getResponseBodyAsStream instead is recommended.
0    DEBUG [2022-10-14 11:22:10]  Request:
0    DEBUG [2022-10-14 11:22:10]  GET:https://api.weibo.com/2/comments/show.json
32   DEBUG [2022-10-14 11:22:10]  Authorization: OAuth2 2.00L4pldCqwBsbD4399cde4cfRhl69B
32   DEBUG [2022-10-14 11:22:10]  API-RemoteIP: 10.39.168.136
1050 DEBUG [2022-10-14 11:22:11]  Response:
1050 DEBUG [2022-10-14 11:22:11]  https StatusCode:200
1050 DEBUG [2022-10-14 11:22:11]  Server:nginx
1050 DEBUG [2022-10-14 11:22:11]  Date:Fri, 14 Oct 2022 03:22:11 GMT
1050 DEBUG [2022-10-14 11:22:11]  Content-Type:application/json;charset=UTF-8
1050 DEBUG [2022-10-14 11:22:11]  Transfer-Encoding:chunked
1050 DEBUG [2022-10-14 11:22:11]  Connection:keep-alive
1050 DEBUG [2022-10-14 11:22:11]  Vary:Accept-Encoding
1050 DEBUG [2022-10-14 11:22:11]  X-Via-SSL:ssl.217.sinag1.yf.lb.sinanode.com
1050 WARN  [2022-10-14 11:22:11]  Going to buffer response body of large or unknown size. Using getResponseBodyAsStream instead is recommended.
2946 DEBUG [2022-10-14 11:22:13]  Request:
2946 DEBUG [2022-10-14 11:22:13]  GET:https://api.weibo.com/2/comments/show.json
2946 DEBUG [2022-10-14 11:22:13]  Authorization: OAuth2 2.00L4pldCqwBsbD4399cde4cfRhl69B
2946 DEBUG [2022-10-14 11:22:13]  API-RemoteIP: 10.39.168.136
3416 DEBUG [2022-10-14 11:22:14]  Response:
3416 DEBUG [2022-10-14 11:22:14]  https StatusCode:200
3416 DEBUG [2022-10-14 11:22:14]  Server:nginx
3416 DEBUG [2022-10-14 11:22:14]  Date:Fri, 14 Oct 2022 03:22:14 GMT
3416 DEBUG [2022-10-14 11:22:14]  Content-Type:application/json;charset=UTF-8
3416 DEBUG [2022-10-14 11:22:14]  Transfer-Encoding:chunked
3416 DEBUG [2022-10-14 11:22:14]  Connection:keep-alive
3416 DEBUG [2022-10-14 11:22:14]  Vary:Accept-Encoding
3416 DEBUG [2022-10-14 11:22:14]  X-Via-SSL:ssl.217.sinag1.yf.lb.sinanode.com
3416 WARN  [2022-10-14 11:22:14]  Going to buffer response body of large or unknown size. Using getResponseBodyAsStream instead is recommended.
5291 DEBUG [2022-10-14 11:22:15]  Request:
5291 DEBUG [2022-10-14 11:22:15]  GET:https://api.weibo.com/2/comments/show.json
5291 DEBUG [2022-10-14 11:22:15]  Authorization: OAuth2 2.00L4pldCqwBsbD4399cde4cfRhl69B
5291 DEBUG [2022-10-14 11:22:15]  API-RemoteIP: 10.39.168.136
5745 DEBUG [2022-10-14 11:22:16]  Response:
5745 DEBUG [2022-10-14 11:22:16]  https StatusCode:200
5745 DEBUG [2022-10-14 11:22:16]  Server:nginx
5745 DEBUG [2022-10-14 11:22:16]  Date:Fri, 14 Oct 2022 03:22:16 GMT
5745 DEBUG [2022-10-14 11:22:16]  Content-Type:application/json;charset=UTF-8
5745 DEBUG [2022-10-14 11:22:16]  Transfer-Encoding:chunked
5745 DEBUG [2022-10-14 11:22:16]  Connection:keep-alive
5745 DEBUG [2022-10-14 11:22:16]  Vary:Accept-Encoding
5745 DEBUG [2022-10-14 11:22:16]  X-Via-SSL:ssl.217.sinag1.yf.lb.sinanode.com
5745 WARN  [2022-10-14 11:22:16]  Going to buffer response body of large or unknown size. Using getResponseBodyAsStream instead is recommended.
7596 DEBUG [2022-10-14 11:22:18]  Request:
7596 DEBUG [2022-10-14 11:22:18]  GET:https://api.weibo.com/2/comments/show.json
7596 DEBUG [2022-10-14 11:22:18]  Authorization: OAuth2 2.00L4pldCqwBsbD4399cde4cfRhl69B
7596 DEBUG [2022-10-14 11:22:18]  API-RemoteIP: 10.39.168.136
8118 DEBUG [2022-10-14 11:22:18]  Response:
8118 DEBUG [2022-10-14 11:22:18]  https StatusCode:200
8118 DEBUG [2022-10-14 11:22:18]  Server:nginx
8118 DEBUG [2022-10-14 11:22:18]  Date:Fri, 14 Oct 2022 03:22:18 GMT
8118 DEBUG [2022-10-14 11:22:18]  Content-Type:application/json;charset=UTF-8
8118 DEBUG [2022-10-14 11:22:18]  Transfer-Encoding:chunked
8118 DEBUG [2022-10-14 11:22:18]  Connection:keep-alive
8118 DEBUG [2022-10-14 11:22:18]  Vary:Accept-Encoding
8118 DEBUG [2022-10-14 11:22:18]  X-Via-SSL:ssl.217.sinag1.yf.lb.sinanode.com
8118 WARN  [2022-10-14 11:22:18]  Going to buffer response body of large or unknown size. Using getResponseBodyAsStream instead is recommended.
10069 DEBUG [2022-10-14 11:22:20]  Request:
10069 DEBUG [2022-10-14 11:22:20]  GET:https://api.weibo.com/2/comments/show.json
10069 DEBUG [2022-10-14 11:22:20]  Authorization: OAuth2 2.00L4pldCqwBsbD4399cde4cfRhl69B
10069 DEBUG [2022-10-14 11:22:20]  API-RemoteIP: 10.39.168.136
10839 DEBUG [2022-10-14 11:22:21]  Response:
10839 DEBUG [2022-10-14 11:22:21]  https StatusCode:200
10839 DEBUG [2022-10-14 11:22:21]  Server:nginx
10839 DEBUG [2022-10-14 11:22:21]  Date:Fri, 14 Oct 2022 03:22:21 GMT
10839 DEBUG [2022-10-14 11:22:21]  Content-Type:application/json;charset=UTF-8
10839 DEBUG [2022-10-14 11:22:21]  Transfer-Encoding:chunked
10839 DEBUG [2022-10-14 11:22:21]  Connection:keep-alive
10839 DEBUG [2022-10-14 11:22:21]  Vary:Accept-Encoding
10839 DEBUG [2022-10-14 11:22:21]  X-Via-SSL:ssl.217.sinag1.yf.lb.sinanode.com
10839 WARN  [2022-10-14 11:22:21]  Going to buffer response body of large or unknown size. Using getResponseBodyAsStream instead is recommended.
12660 DEBUG [2022-10-14 11:22:23]  Request:
12660 DEBUG [2022-10-14 11:22:23]  GET:https://api.weibo.com/2/comments/show.json
12660 DEBUG [2022-10-14 11:22:23]  Authorization: OAuth2 2.00L4pldCqwBsbD4399cde4cfRhl69B
12660 DEBUG [2022-10-14 11:22:23]  API-RemoteIP: 10.39.168.136
13145 DEBUG [2022-10-14 11:22:23]  Response:
13145 DEBUG [2022-10-14 11:22:23]  https StatusCode:200
13145 DEBUG [2022-10-14 11:22:23]  Server:nginx
13145 DEBUG [2022-10-14 11:22:23]  Date:Fri, 14 Oct 2022 03:22:23 GMT
13145 DEBUG [2022-10-14 11:22:23]  Content-Type:application/json;charset=UTF-8
13145 DEBUG [2022-10-14 11:22:23]  Transfer-Encoding:chunked
13145 DEBUG [2022-10-14 11:22:23]  Connection:keep-alive
13145 DEBUG [2022-10-14 11:22:23]  Vary:Accept-Encoding
13145 DEBUG [2022-10-14 11:22:23]  X-Via-SSL:ssl.217.sinag1.yf.lb.sinanode.com
13145 WARN  [2022-10-14 11:22:23]  Going to buffer response body of large or unknown size. Using getResponseBodyAsStream instead is recommended.
14848 DEBUG [2022-10-14 11:22:25]  Request:
14848 DEBUG [2022-10-14 11:22:25]  GET:https://api.weibo.com/2/comments/show.json
14848 DEBUG [2022-10-14 11:22:25]  Authorization: OAuth2 2.00L4pldCqwBsbD4399cde4cfRhl69B
14848 DEBUG [2022-10-14 11:22:25]  API-RemoteIP: 10.39.168.136
15465 DEBUG [2022-10-14 11:22:26]  Response:
15465 DEBUG [2022-10-14 11:22:26]  https StatusCode:200
15465 DEBUG [2022-10-14 11:22:26]  Server:nginx
15465 DEBUG [2022-10-14 11:22:26]  Date:Fri, 14 Oct 2022 03:22:26 GMT
15465 DEBUG [2022-10-14 11:22:26]  Content-Type:application/json;charset=UTF-8
15465 DEBUG [2022-10-14 11:22:26]  Transfer-Encoding:chunked
15465 DEBUG [2022-10-14 11:22:26]  Connection:keep-alive
15465 DEBUG [2022-10-14 11:22:26]  Vary:Accept-Encoding
15465 DEBUG [2022-10-14 11:22:26]  X-Via-SSL:ssl.217.sinag1.yf.lb.sinanode.com
15465 WARN  [2022-10-14 11:22:26]  Going to buffer response body of large or unknown size. Using getResponseBodyAsStream instead is recommended.
17485 DEBUG [2022-10-14 11:22:28]  Request:
17485 DEBUG [2022-10-14 11:22:28]  GET:https://api.weibo.com/2/comments/show.json
17485 DEBUG [2022-10-14 11:22:28]  Authorization: OAuth2 2.00L4pldCqwBsbD4399cde4cfRhl69B
17485 DEBUG [2022-10-14 11:22:28]  API-RemoteIP: 10.39.168.136
18001 DEBUG [2022-10-14 11:22:28]  Response:
18001 DEBUG [2022-10-14 11:22:28]  https StatusCode:200
18001 DEBUG [2022-10-14 11:22:28]  Server:nginx
18001 DEBUG [2022-10-14 11:22:28]  Date:Fri, 14 Oct 2022 03:22:28 GMT
18001 DEBUG [2022-10-14 11:22:28]  Content-Type:application/json;charset=UTF-8
18001 DEBUG [2022-10-14 11:22:28]  Transfer-Encoding:chunked
18001 DEBUG [2022-10-14 11:22:28]  Connection:keep-alive
18001 DEBUG [2022-10-14 11:22:28]  Vary:Accept-Encoding
18001 DEBUG [2022-10-14 11:22:28]  X-Via-SSL:ssl.217.sinag1.yf.lb.sinanode.com
18001 WARN  [2022-10-14 11:22:28]  Going to buffer response body of large or unknown size. Using getResponseBodyAsStream instead is recommended.
20005 DEBUG [2022-10-14 11:22:30]  Request:
20005 DEBUG [2022-10-14 11:22:30]  GET:https://api.weibo.com/2/comments/show.json
20005 DEBUG [2022-10-14 11:22:30]  Authorization: OAuth2 2.00L4pldCqwBsbD4399cde4cfRhl69B
20005 DEBUG [2022-10-14 11:22:30]  API-RemoteIP: 10.39.168.136
20491 DEBUG [2022-10-14 11:22:31]  Response:
20491 DEBUG [2022-10-14 11:22:31]  https StatusCode:200
20491 DEBUG [2022-10-14 11:22:31]  Server:nginx
20491 DEBUG [2022-10-14 11:22:31]  Date:Fri, 14 Oct 2022 03:22:31 GMT
20491 DEBUG [2022-10-14 11:22:31]  Content-Type:application/json;charset=UTF-8
20491 DEBUG [2022-10-14 11:22:31]  Transfer-Encoding:chunked
20491 DEBUG [2022-10-14 11:22:31]  Connection:keep-alive
20491 DEBUG [2022-10-14 11:22:31]  Vary:Accept-Encoding
20491 DEBUG [2022-10-14 11:22:31]  X-Via-SSL:ssl.217.sinag1.yf.lb.sinanode.com
20491 WARN  [2022-10-14 11:22:31]  Going to buffer response body of large or unknown size. Using getResponseBodyAsStream instead is recommended.
22310 DEBUG [2022-10-14 11:22:32]  Request:
22310 DEBUG [2022-10-14 11:22:32]  GET:https://api.weibo.com/2/comments/show.json
22310 DEBUG [2022-10-14 11:22:32]  Authorization: OAuth2 2.00L4pldCqwBsbD4399cde4cfRhl69B
22310 DEBUG [2022-10-14 11:22:32]  API-RemoteIP: 10.39.168.136
22678 DEBUG [2022-10-14 11:22:33]  Response:
22694 DEBUG [2022-10-14 11:22:33]  https StatusCode:200
22694 DEBUG [2022-10-14 11:22:33]  Server:nginx
22694 DEBUG [2022-10-14 11:22:33]  Date:Fri, 14 Oct 2022 03:22:33 GMT
22694 DEBUG [2022-10-14 11:22:33]  Content-Type:application/json;charset=UTF-8
22694 DEBUG [2022-10-14 11:22:33]  Transfer-Encoding:chunked
22694 DEBUG [2022-10-14 11:22:33]  Connection:keep-alive
22694 DEBUG [2022-10-14 11:22:33]  Vary:Accept-Encoding
22694 DEBUG [2022-10-14 11:22:33]  X-Via-SSL:ssl.217.sinag1.yf.lb.sinanode.com
22694 WARN  [2022-10-14 11:22:33]  Going to buffer response body of large or unknown size. Using getResponseBodyAsStream instead is recommended.
24382 DEBUG [2022-10-14 11:22:35]  Request:
24382 DEBUG [2022-10-14 11:22:35]  GET:https://api.weibo.com/2/comments/show.json
24382 DEBUG [2022-10-14 11:22:35]  Authorization: OAuth2 2.00L4pldCqwBsbD4399cde4cfRhl69B
24382 DEBUG [2022-10-14 11:22:35]  API-RemoteIP: 10.39.168.136
24466 DEBUG [2022-10-14 11:22:35]  Response:
24466 DEBUG [2022-10-14 11:22:35]  https StatusCode:200
24466 DEBUG [2022-10-14 11:22:35]  Server:nginx
24466 DEBUG [2022-10-14 11:22:35]  Date:Fri, 14 Oct 2022 03:22:35 GMT
24466 DEBUG [2022-10-14 11:22:35]  Content-Type:application/json;charset=UTF-8
24466 DEBUG [2022-10-14 11:22:35]  Transfer-Encoding:chunked
24466 DEBUG [2022-10-14 11:22:35]  Connection:keep-alive
24466 DEBUG [2022-10-14 11:22:35]  Vary:Accept-Encoding
24466 DEBUG [2022-10-14 11:22:35]  X-Via-SSL:ssl.217.sinag1.yf.lb.sinanode.com
24466 WARN  [2022-10-14 11:22:35]  Going to buffer response body of large or unknown size. Using getResponseBodyAsStream instead is recommended.
0    DEBUG [2022-10-14 12:34:43]  Request:
0    DEBUG [2022-10-14 12:34:43]  GET:https://api.weibo.com/2/comments/show.json
32   DEBUG [2022-10-14 12:34:43]  Authorization: OAuth2 2.00L4pldCqwBsbD4399cde4cfRhl69B
32   DEBUG [2022-10-14 12:34:43]  API-RemoteIP: 10.39.168.136
1135 DEBUG [2022-10-14 12:34:45]  Response:
1135 DEBUG [2022-10-14 12:34:45]  https StatusCode:200
1135 DEBUG [2022-10-14 12:34:45]  Server:nginx
1135 DEBUG [2022-10-14 12:34:45]  Date:Fri, 14 Oct 2022 04:34:45 GMT
1135 DEBUG [2022-10-14 12:34:45]  Content-Type:application/json;charset=UTF-8
1135 DEBUG [2022-10-14 12:34:45]  Transfer-Encoding:chunked
1135 DEBUG [2022-10-14 12:34:45]  Connection:keep-alive
1135 DEBUG [2022-10-14 12:34:45]  Vary:Accept-Encoding
1135 DEBUG [2022-10-14 12:34:45]  X-Via-SSL:ssl.214.sinag1.yf.lb.sinanode.com
1135 WARN  [2022-10-14 12:34:45]  Going to buffer response body of large or unknown size. Using getResponseBodyAsStream instead is recommended.
3235 DEBUG [2022-10-14 12:34:47]  Request:
3235 DEBUG [2022-10-14 12:34:47]  GET:https://api.weibo.com/2/comments/show.json
3235 DEBUG [2022-10-14 12:34:47]  Authorization: OAuth2 2.00L4pldCqwBsbD4399cde4cfRhl69B
3235 DEBUG [2022-10-14 12:34:47]  API-RemoteIP: 10.39.168.136
3720 DEBUG [2022-10-14 12:34:47]  Response:
3720 DEBUG [2022-10-14 12:34:47]  https StatusCode:200
3720 DEBUG [2022-10-14 12:34:47]  Server:nginx
3720 DEBUG [2022-10-14 12:34:47]  Date:Fri, 14 Oct 2022 04:34:47 GMT
3720 DEBUG [2022-10-14 12:34:47]  Content-Type:application/json;charset=UTF-8
3720 DEBUG [2022-10-14 12:34:47]  Transfer-Encoding:chunked
3720 DEBUG [2022-10-14 12:34:47]  Connection:keep-alive
3720 DEBUG [2022-10-14 12:34:47]  Vary:Accept-Encoding
3720 DEBUG [2022-10-14 12:34:47]  X-Via-SSL:ssl.214.sinag1.yf.lb.sinanode.com
3720 WARN  [2022-10-14 12:34:47]  Going to buffer response body of large or unknown size. Using getResponseBodyAsStream instead is recommended.
5571 DEBUG [2022-10-14 12:34:49]  Request:
5571 DEBUG [2022-10-14 12:34:49]  GET:https://api.weibo.com/2/comments/show.json
5571 DEBUG [2022-10-14 12:34:49]  Authorization: OAuth2 2.00L4pldCqwBsbD4399cde4cfRhl69B
5571 DEBUG [2022-10-14 12:34:49]  API-RemoteIP: 10.39.168.136
6057 DEBUG [2022-10-14 12:34:50]  Response:
6057 DEBUG [2022-10-14 12:34:50]  https StatusCode:200
6057 DEBUG [2022-10-14 12:34:50]  Server:nginx
6057 DEBUG [2022-10-14 12:34:50]  Date:Fri, 14 Oct 2022 04:34:49 GMT
6057 DEBUG [2022-10-14 12:34:50]  Content-Type:application/json;charset=UTF-8
6057 DEBUG [2022-10-14 12:34:50]  Transfer-Encoding:chunked
6057 DEBUG [2022-10-14 12:34:50]  Connection:keep-alive
6057 DEBUG [2022-10-14 12:34:50]  Vary:Accept-Encoding
6057 DEBUG [2022-10-14 12:34:50]  X-Via-SSL:ssl.214.sinag1.yf.lb.sinanode.com
6057 WARN  [2022-10-14 12:34:50]  Going to buffer response body of large or unknown size. Using getResponseBodyAsStream instead is recommended.
7813 DEBUG [2022-10-14 12:34:51]  Request:
7813 DEBUG [2022-10-14 12:34:51]  GET:https://api.weibo.com/2/comments/show.json
7813 DEBUG [2022-10-14 12:34:51]  Authorization: OAuth2 2.00L4pldCqwBsbD4399cde4cfRhl69B
7813 DEBUG [2022-10-14 12:34:51]  API-RemoteIP: 10.39.168.136
8298 DEBUG [2022-10-14 12:34:52]  Response:
8298 DEBUG [2022-10-14 12:34:52]  https StatusCode:200
8298 DEBUG [2022-10-14 12:34:52]  Server:nginx
8298 DEBUG [2022-10-14 12:34:52]  Date:Fri, 14 Oct 2022 04:34:52 GMT
8298 DEBUG [2022-10-14 12:34:52]  Content-Type:application/json;charset=UTF-8
8298 DEBUG [2022-10-14 12:34:52]  Transfer-Encoding:chunked
8298 DEBUG [2022-10-14 12:34:52]  Connection:keep-alive
8298 DEBUG [2022-10-14 12:34:52]  Vary:Accept-Encoding
8298 DEBUG [2022-10-14 12:34:52]  X-Via-SSL:ssl.214.sinag1.yf.lb.sinanode.com
8298 WARN  [2022-10-14 12:34:52]  Going to buffer response body of large or unknown size. Using getResponseBodyAsStream instead is recommended.
10126 DEBUG [2022-10-14 12:34:54]  Request:
10126 DEBUG [2022-10-14 12:34:54]  GET:https://api.weibo.com/2/comments/show.json
10126 DEBUG [2022-10-14 12:34:54]  Authorization: OAuth2 2.00L4pldCqwBsbD4399cde4cfRhl69B
10126 DEBUG [2022-10-14 12:34:54]  API-RemoteIP: 10.39.168.136
10574 DEBUG [2022-10-14 12:34:54]  Response:
10574 DEBUG [2022-10-14 12:34:54]  https StatusCode:200
10574 DEBUG [2022-10-14 12:34:54]  Server:nginx
10574 DEBUG [2022-10-14 12:34:54]  Date:Fri, 14 Oct 2022 04:34:54 GMT
10574 DEBUG [2022-10-14 12:34:54]  Content-Type:application/json;charset=UTF-8
10574 DEBUG [2022-10-14 12:34:54]  Transfer-Encoding:chunked
10574 DEBUG [2022-10-14 12:34:54]  Connection:keep-alive
10574 DEBUG [2022-10-14 12:34:54]  Vary:Accept-Encoding
10574 DEBUG [2022-10-14 12:34:54]  X-Via-SSL:ssl.214.sinag1.yf.lb.sinanode.com
10574 WARN  [2022-10-14 12:34:54]  Going to buffer response body of large or unknown size. Using getResponseBodyAsStream instead is recommended.
12345 DEBUG [2022-10-14 12:34:56]  Request:
12345 DEBUG [2022-10-14 12:34:56]  GET:https://api.weibo.com/2/comments/show.json
12345 DEBUG [2022-10-14 12:34:56]  Authorization: OAuth2 2.00L4pldCqwBsbD4399cde4cfRhl69B
12345 DEBUG [2022-10-14 12:34:56]  API-RemoteIP: 10.39.168.136
12730 DEBUG [2022-10-14 12:34:56]  Response:
12730 DEBUG [2022-10-14 12:34:56]  https StatusCode:200
12730 DEBUG [2022-10-14 12:34:56]  Server:nginx
12730 DEBUG [2022-10-14 12:34:56]  Date:Fri, 14 Oct 2022 04:34:56 GMT
12730 DEBUG [2022-10-14 12:34:56]  Content-Type:application/json;charset=UTF-8
12730 DEBUG [2022-10-14 12:34:56]  Transfer-Encoding:chunked
12730 DEBUG [2022-10-14 12:34:56]  Connection:keep-alive
12730 DEBUG [2022-10-14 12:34:56]  Vary:Accept-Encoding
12730 DEBUG [2022-10-14 12:34:56]  X-Via-SSL:ssl.214.sinag1.yf.lb.sinanode.com
12730 WARN  [2022-10-14 12:34:56]  Going to buffer response body of large or unknown size. Using getResponseBodyAsStream instead is recommended.
14465 DEBUG [2022-10-14 12:34:58]  Request:
14465 DEBUG [2022-10-14 12:34:58]  GET:https://api.weibo.com/2/comments/show.json
14465 DEBUG [2022-10-14 12:34:58]  Authorization: OAuth2 2.00L4pldCqwBsbD4399cde4cfRhl69B
14465 DEBUG [2022-10-14 12:34:58]  API-RemoteIP: 10.39.168.136
15234 DEBUG [2022-10-14 12:34:59]  Response:
15234 DEBUG [2022-10-14 12:34:59]  https StatusCode:200
15234 DEBUG [2022-10-14 12:34:59]  Server:nginx
15234 DEBUG [2022-10-14 12:34:59]  Date:Fri, 14 Oct 2022 04:34:59 GMT
15234 DEBUG [2022-10-14 12:34:59]  Content-Type:application/json;charset=UTF-8
15234 DEBUG [2022-10-14 12:34:59]  Transfer-Encoding:chunked
15234 DEBUG [2022-10-14 12:34:59]  Connection:keep-alive
15234 DEBUG [2022-10-14 12:34:59]  Vary:Accept-Encoding
15234 DEBUG [2022-10-14 12:34:59]  X-Via-SSL:ssl.214.sinag1.yf.lb.sinanode.com
15234 WARN  [2022-10-14 12:34:59]  Going to buffer response body of large or unknown size. Using getResponseBodyAsStream instead is recommended.
17139 DEBUG [2022-10-14 12:35:01]  Request:
17139 DEBUG [2022-10-14 12:35:01]  GET:https://api.weibo.com/2/comments/show.json
17139 DEBUG [2022-10-14 12:35:01]  Authorization: OAuth2 2.00L4pldCqwBsbD4399cde4cfRhl69B
17139 DEBUG [2022-10-14 12:35:01]  API-RemoteIP: 10.39.168.136
17608 DEBUG [2022-10-14 12:35:01]  Response:
17608 DEBUG [2022-10-14 12:35:01]  https StatusCode:200
17608 DEBUG [2022-10-14 12:35:01]  Server:nginx
17608 DEBUG [2022-10-14 12:35:01]  Date:Fri, 14 Oct 2022 04:35:01 GMT
17608 DEBUG [2022-10-14 12:35:01]  Content-Type:application/json;charset=UTF-8
17608 DEBUG [2022-10-14 12:35:01]  Transfer-Encoding:chunked
17608 DEBUG [2022-10-14 12:35:01]  Connection:keep-alive
17608 DEBUG [2022-10-14 12:35:01]  Vary:Accept-Encoding
17608 DEBUG [2022-10-14 12:35:01]  X-Via-SSL:ssl.214.sinag1.yf.lb.sinanode.com
17608 WARN  [2022-10-14 12:35:01]  Going to buffer response body of large or unknown size. Using getResponseBodyAsStream instead is recommended.
19506 DEBUG [2022-10-14 12:35:03]  Request:
19506 DEBUG [2022-10-14 12:35:03]  GET:https://api.weibo.com/2/comments/show.json
19506 DEBUG [2022-10-14 12:35:03]  Authorization: OAuth2 2.00L4pldCqwBsbD4399cde4cfRhl69B
19506 DEBUG [2022-10-14 12:35:03]  API-RemoteIP: 10.39.168.136
19976 DEBUG [2022-10-14 12:35:03]  Response:
19976 DEBUG [2022-10-14 12:35:03]  https StatusCode:200
19976 DEBUG [2022-10-14 12:35:03]  Server:nginx
19976 DEBUG [2022-10-14 12:35:03]  Date:Fri, 14 Oct 2022 04:35:03 GMT
19976 DEBUG [2022-10-14 12:35:03]  Content-Type:application/json;charset=UTF-8
19976 DEBUG [2022-10-14 12:35:03]  Transfer-Encoding:chunked
19976 DEBUG [2022-10-14 12:35:03]  Connection:keep-alive
19976 DEBUG [2022-10-14 12:35:03]  Vary:Accept-Encoding
19976 DEBUG [2022-10-14 12:35:03]  X-Via-SSL:ssl.214.sinag1.yf.lb.sinanode.com
19976 WARN  [2022-10-14 12:35:03]  Going to buffer response body of large or unknown size. Using getResponseBodyAsStream instead is recommended.
21779 DEBUG [2022-10-14 12:35:05]  Request:
21779 DEBUG [2022-10-14 12:35:05]  GET:https://api.weibo.com/2/comments/show.json
21779 DEBUG [2022-10-14 12:35:05]  Authorization: OAuth2 2.00L4pldCqwBsbD4399cde4cfRhl69B
21779 DEBUG [2022-10-14 12:35:05]  API-RemoteIP: 10.39.168.136
22264 DEBUG [2022-10-14 12:35:06]  Response:
22264 DEBUG [2022-10-14 12:35:06]  https StatusCode:200
22264 DEBUG [2022-10-14 12:35:06]  Server:nginx
22264 DEBUG [2022-10-14 12:35:06]  Date:Fri, 14 Oct 2022 04:35:06 GMT
22264 DEBUG [2022-10-14 12:35:06]  Content-Type:application/json;charset=UTF-8
22264 DEBUG [2022-10-14 12:35:06]  Transfer-Encoding:chunked
22264 DEBUG [2022-10-14 12:35:06]  Connection:keep-alive
22264 DEBUG [2022-10-14 12:35:06]  Vary:Accept-Encoding
22264 DEBUG [2022-10-14 12:35:06]  X-Via-SSL:ssl.214.sinag1.yf.lb.sinanode.com
22264 WARN  [2022-10-14 12:35:06]  Going to buffer response body of large or unknown size. Using getResponseBodyAsStream instead is recommended.
23983 DEBUG [2022-10-14 12:35:07]  Request:
23983 DEBUG [2022-10-14 12:35:07]  GET:https://api.weibo.com/2/comments/show.json
23983 DEBUG [2022-10-14 12:35:07]  Authorization: OAuth2 2.00L4pldCqwBsbD4399cde4cfRhl69B
23983 DEBUG [2022-10-14 12:35:07]  API-RemoteIP: 10.39.168.136
24083 DEBUG [2022-10-14 12:35:08]  Response:
24083 DEBUG [2022-10-14 12:35:08]  https StatusCode:200
24083 DEBUG [2022-10-14 12:35:08]  Server:nginx
24083 DEBUG [2022-10-14 12:35:08]  Date:Fri, 14 Oct 2022 04:35:08 GMT
24083 DEBUG [2022-10-14 12:35:08]  Content-Type:application/json;charset=UTF-8
24083 DEBUG [2022-10-14 12:35:08]  Transfer-Encoding:chunked
24083 DEBUG [2022-10-14 12:35:08]  Connection:keep-alive
24083 DEBUG [2022-10-14 12:35:08]  Vary:Accept-Encoding
24083 DEBUG [2022-10-14 12:35:08]  X-Via-SSL:ssl.214.sinag1.yf.lb.sinanode.com
24083 WARN  [2022-10-14 12:35:08]  Going to buffer response body of large or unknown size. Using getResponseBodyAsStream instead is recommended.
0    DEBUG [2022-10-14 14:27:43]  Request:
0    DEBUG [2022-10-14 14:27:43]  GET:https://api.weibo.com/2/comments/show.json
31   DEBUG [2022-10-14 14:27:43]  Authorization: OAuth2 2.00L4pldCqwBsbD4399cde4cfRhl69B
31   DEBUG [2022-10-14 14:27:43]  API-RemoteIP: 10.39.168.136
1170 DEBUG [2022-10-14 14:27:44]  Response:
1170 DEBUG [2022-10-14 14:27:44]  https StatusCode:200
1170 DEBUG [2022-10-14 14:27:44]  Server:nginx
1170 DEBUG [2022-10-14 14:27:44]  Date:Fri, 14 Oct 2022 06:27:44 GMT
1170 DEBUG [2022-10-14 14:27:44]  Content-Type:application/json;charset=UTF-8
1170 DEBUG [2022-10-14 14:27:44]  Transfer-Encoding:chunked
1170 DEBUG [2022-10-14 14:27:44]  Connection:keep-alive
1170 DEBUG [2022-10-14 14:27:44]  Vary:Accept-Encoding
1170 DEBUG [2022-10-14 14:27:44]  X-Via-SSL:ssl.52.sinag1.yf.lb.sinanode.com
1172 WARN  [2022-10-14 14:27:44]  Going to buffer response body of large or unknown size. Using getResponseBodyAsStream instead is recommended.
3095 DEBUG [2022-10-14 14:27:46]  Request:
3095 DEBUG [2022-10-14 14:27:46]  GET:https://api.weibo.com/2/comments/show.json
3095 DEBUG [2022-10-14 14:27:46]  Authorization: OAuth2 2.00L4pldCqwBsbD4399cde4cfRhl69B
3095 DEBUG [2022-10-14 14:27:46]  API-RemoteIP: 10.39.168.136
3693 DEBUG [2022-10-14 14:27:46]  Response:
3693 DEBUG [2022-10-14 14:27:46]  https StatusCode:200
3693 DEBUG [2022-10-14 14:27:46]  Server:nginx
3693 DEBUG [2022-10-14 14:27:46]  Date:Fri, 14 Oct 2022 06:27:46 GMT
3693 DEBUG [2022-10-14 14:27:46]  Content-Type:application/json;charset=UTF-8
3693 DEBUG [2022-10-14 14:27:46]  Transfer-Encoding:chunked
3693 DEBUG [2022-10-14 14:27:46]  Connection:keep-alive
3693 DEBUG [2022-10-14 14:27:46]  Vary:Accept-Encoding
3693 DEBUG [2022-10-14 14:27:46]  X-Via-SSL:ssl.52.sinag1.yf.lb.sinanode.com
3693 WARN  [2022-10-14 14:27:46]  Going to buffer response body of large or unknown size. Using getResponseBodyAsStream instead is recommended.
5729 DEBUG [2022-10-14 14:27:48]  Request:
5729 DEBUG [2022-10-14 14:27:48]  GET:https://api.weibo.com/2/comments/show.json
5730 DEBUG [2022-10-14 14:27:48]  Authorization: OAuth2 2.00L4pldCqwBsbD4399cde4cfRhl69B
5730 DEBUG [2022-10-14 14:27:48]  API-RemoteIP: 10.39.168.136
6274 DEBUG [2022-10-14 14:27:49]  Response:
6274 DEBUG [2022-10-14 14:27:49]  https StatusCode:200
6274 DEBUG [2022-10-14 14:27:49]  Server:nginx
6274 DEBUG [2022-10-14 14:27:49]  Date:Fri, 14 Oct 2022 06:27:49 GMT
6274 DEBUG [2022-10-14 14:27:49]  Content-Type:application/json;charset=UTF-8
6274 DEBUG [2022-10-14 14:27:49]  Transfer-Encoding:chunked
6274 DEBUG [2022-10-14 14:27:49]  Connection:keep-alive
6274 DEBUG [2022-10-14 14:27:49]  Vary:Accept-Encoding
6274 DEBUG [2022-10-14 14:27:49]  X-Via-SSL:ssl.52.sinag1.yf.lb.sinanode.com
6275 WARN  [2022-10-14 14:27:49]  Going to buffer response body of large or unknown size. Using getResponseBodyAsStream instead is recommended.
8127 DEBUG [2022-10-14 14:27:51]  Request:
8127 DEBUG [2022-10-14 14:27:51]  GET:https://api.weibo.com/2/comments/show.json
8127 DEBUG [2022-10-14 14:27:51]  Authorization: OAuth2 2.00L4pldCqwBsbD4399cde4cfRhl69B
8127 DEBUG [2022-10-14 14:27:51]  API-RemoteIP: 10.39.168.136
8598 DEBUG [2022-10-14 14:27:51]  Response:
8598 DEBUG [2022-10-14 14:27:51]  https StatusCode:200
8598 DEBUG [2022-10-14 14:27:51]  Server:nginx
8598 DEBUG [2022-10-14 14:27:51]  Date:Fri, 14 Oct 2022 06:27:51 GMT
8598 DEBUG [2022-10-14 14:27:51]  Content-Type:application/json;charset=UTF-8
8598 DEBUG [2022-10-14 14:27:51]  Transfer-Encoding:chunked
8598 DEBUG [2022-10-14 14:27:51]  Connection:keep-alive
8598 DEBUG [2022-10-14 14:27:51]  Vary:Accept-Encoding
8598 DEBUG [2022-10-14 14:27:51]  X-Via-SSL:ssl.52.sinag1.yf.lb.sinanode.com
8598 WARN  [2022-10-14 14:27:51]  Going to buffer response body of large or unknown size. Using getResponseBodyAsStream instead is recommended.
10649 DEBUG [2022-10-14 14:27:53]  Request:
10649 DEBUG [2022-10-14 14:27:53]  GET:https://api.weibo.com/2/comments/show.json
10649 DEBUG [2022-10-14 14:27:53]  Authorization: OAuth2 2.00L4pldCqwBsbD4399cde4cfRhl69B
10649 DEBUG [2022-10-14 14:27:53]  API-RemoteIP: 10.39.168.136
11263 DEBUG [2022-10-14 14:27:54]  Response:
11263 DEBUG [2022-10-14 14:27:54]  https StatusCode:200
11263 DEBUG [2022-10-14 14:27:54]  Server:nginx
11263 DEBUG [2022-10-14 14:27:54]  Date:Fri, 14 Oct 2022 06:27:54 GMT
11263 DEBUG [2022-10-14 14:27:54]  Content-Type:application/json;charset=UTF-8
11263 DEBUG [2022-10-14 14:27:54]  Transfer-Encoding:chunked
11263 DEBUG [2022-10-14 14:27:54]  Connection:keep-alive
11263 DEBUG [2022-10-14 14:27:54]  Vary:Accept-Encoding
11263 DEBUG [2022-10-14 14:27:54]  X-Via-SSL:ssl.52.sinag1.yf.lb.sinanode.com
11263 WARN  [2022-10-14 14:27:54]  Going to buffer response body of large or unknown size. Using getResponseBodyAsStream instead is recommended.
0    DEBUG [2022-10-14 17:38:53]  Request:
0    DEBUG [2022-10-14 17:38:53]  GET:https://api.weibo.com/2/comments/show.json
31   DEBUG [2022-10-14 17:38:53]  Authorization: OAuth2 2.00L4pldCqwBsbD4399cde4cfRhl69B
32   DEBUG [2022-10-14 17:38:53]  API-RemoteIP: 10.39.168.136
1112 DEBUG [2022-10-14 17:38:55]  Response:
1112 DEBUG [2022-10-14 17:38:55]  https StatusCode:200
1113 DEBUG [2022-10-14 17:38:55]  Server:nginx
1113 DEBUG [2022-10-14 17:38:55]  Date:Fri, 14 Oct 2022 09:38:54 GMT
1113 DEBUG [2022-10-14 17:38:55]  Content-Type:application/json;charset=UTF-8
1113 DEBUG [2022-10-14 17:38:55]  Transfer-Encoding:chunked
1113 DEBUG [2022-10-14 17:38:55]  Connection:keep-alive
1113 DEBUG [2022-10-14 17:38:55]  Vary:Accept-Encoding
1113 DEBUG [2022-10-14 17:38:55]  X-Via-SSL:ssl.140.sinag1.yf.lb.sinanode.com
1114 WARN  [2022-10-14 17:38:55]  Going to buffer response body of large or unknown size. Using getResponseBodyAsStream instead is recommended.
2963 DEBUG [2022-10-14 17:38:56]  Request:
2963 DEBUG [2022-10-14 17:38:56]  GET:https://api.weibo.com/2/comments/show.json
2963 DEBUG [2022-10-14 17:38:56]  Authorization: OAuth2 2.00L4pldCqwBsbD4399cde4cfRhl69B
2963 DEBUG [2022-10-14 17:38:56]  API-RemoteIP: 10.39.168.136
3540 DEBUG [2022-10-14 17:38:57]  Response:
3540 DEBUG [2022-10-14 17:38:57]  https StatusCode:200
3540 DEBUG [2022-10-14 17:38:57]  Server:nginx
3540 DEBUG [2022-10-14 17:38:57]  Date:Fri, 14 Oct 2022 09:38:57 GMT
3541 DEBUG [2022-10-14 17:38:57]  Content-Type:application/json;charset=UTF-8
3541 DEBUG [2022-10-14 17:38:57]  Transfer-Encoding:chunked
3541 DEBUG [2022-10-14 17:38:57]  Connection:keep-alive
3541 DEBUG [2022-10-14 17:38:57]  Vary:Accept-Encoding
3541 DEBUG [2022-10-14 17:38:57]  X-Via-SSL:ssl.140.sinag1.yf.lb.sinanode.com
3541 WARN  [2022-10-14 17:38:57]  Going to buffer response body of large or unknown size. Using getResponseBodyAsStream instead is recommended.
5528 DEBUG [2022-10-14 17:38:59]  Request:
5528 DEBUG [2022-10-14 17:38:59]  GET:https://api.weibo.com/2/comments/show.json
5529 DEBUG [2022-10-14 17:38:59]  Authorization: OAuth2 2.00L4pldCqwBsbD4399cde4cfRhl69B
5529 DEBUG [2022-10-14 17:38:59]  API-RemoteIP: 10.39.168.136
6307 DEBUG [2022-10-14 17:39:00]  Response:
6308 DEBUG [2022-10-14 17:39:00]  https StatusCode:200
6308 DEBUG [2022-10-14 17:39:00]  Server:nginx
6308 DEBUG [2022-10-14 17:39:00]  Date:Fri, 14 Oct 2022 09:39:00 GMT
6308 DEBUG [2022-10-14 17:39:00]  Content-Type:application/json;charset=UTF-8
6308 DEBUG [2022-10-14 17:39:00]  Transfer-Encoding:chunked
6308 DEBUG [2022-10-14 17:39:00]  Connection:keep-alive
6308 DEBUG [2022-10-14 17:39:00]  Vary:Accept-Encoding
6308 DEBUG [2022-10-14 17:39:00]  X-Via-SSL:ssl.140.sinag1.yf.lb.sinanode.com
6308 WARN  [2022-10-14 17:39:00]  Going to buffer response body of large or unknown size. Using getResponseBodyAsStream instead is recommended.
8242 DEBUG [2022-10-14 17:39:02]  Request:
8242 DEBUG [2022-10-14 17:39:02]  GET:https://api.weibo.com/2/comments/show.json
8243 DEBUG [2022-10-14 17:39:02]  Authorization: OAuth2 2.00L4pldCqwBsbD4399cde4cfRhl69B
8243 DEBUG [2022-10-14 17:39:02]  API-RemoteIP: 10.39.168.136
8850 DEBUG [2022-10-14 17:39:02]  Response:
8850 DEBUG [2022-10-14 17:39:02]  https StatusCode:200
8850 DEBUG [2022-10-14 17:39:02]  Server:nginx
8850 DEBUG [2022-10-14 17:39:02]  Date:Fri, 14 Oct 2022 09:39:02 GMT
8850 DEBUG [2022-10-14 17:39:02]  Content-Type:application/json;charset=UTF-8
8850 DEBUG [2022-10-14 17:39:02]  Transfer-Encoding:chunked
8850 DEBUG [2022-10-14 17:39:02]  Connection:keep-alive
8850 DEBUG [2022-10-14 17:39:02]  Vary:Accept-Encoding
8850 DEBUG [2022-10-14 17:39:02]  X-Via-SSL:ssl.140.sinag1.yf.lb.sinanode.com
8850 WARN  [2022-10-14 17:39:02]  Going to buffer response body of large or unknown size. Using getResponseBodyAsStream instead is recommended.
10630 DEBUG [2022-10-14 17:39:04]  Request:
10630 DEBUG [2022-10-14 17:39:04]  GET:https://api.weibo.com/2/comments/show.json
10631 DEBUG [2022-10-14 17:39:04]  Authorization: OAuth2 2.00L4pldCqwBsbD4399cde4cfRhl69B
10631 DEBUG [2022-10-14 17:39:04]  API-RemoteIP: 10.39.168.136
11073 DEBUG [2022-10-14 17:39:04]  Response:
11073 DEBUG [2022-10-14 17:39:04]  https StatusCode:200
11073 DEBUG [2022-10-14 17:39:04]  Server:nginx
11073 DEBUG [2022-10-14 17:39:04]  Date:Fri, 14 Oct 2022 09:39:04 GMT
11073 DEBUG [2022-10-14 17:39:04]  Content-Type:application/json;charset=UTF-8
11073 DEBUG [2022-10-14 17:39:04]  Transfer-Encoding:chunked
11073 DEBUG [2022-10-14 17:39:04]  Connection:keep-alive
11073 DEBUG [2022-10-14 17:39:04]  Vary:Accept-Encoding
11073 DEBUG [2022-10-14 17:39:04]  X-Via-SSL:ssl.140.sinag1.yf.lb.sinanode.com
11073 WARN  [2022-10-14 17:39:04]  Going to buffer response body of large or unknown size. Using getResponseBodyAsStream instead is recommended.
12848 DEBUG [2022-10-14 17:39:06]  Request:
12848 DEBUG [2022-10-14 17:39:06]  GET:https://api.weibo.com/2/comments/show.json
12848 DEBUG [2022-10-14 17:39:06]  Authorization: OAuth2 2.00L4pldCqwBsbD4399cde4cfRhl69B
12848 DEBUG [2022-10-14 17:39:06]  API-RemoteIP: 10.39.168.136
13480 DEBUG [2022-10-14 17:39:07]  Response:
13481 DEBUG [2022-10-14 17:39:07]  https StatusCode:200
13481 DEBUG [2022-10-14 17:39:07]  Server:nginx
13481 DEBUG [2022-10-14 17:39:07]  Date:Fri, 14 Oct 2022 09:39:07 GMT
13481 DEBUG [2022-10-14 17:39:07]  Content-Type:application/json;charset=UTF-8
13481 DEBUG [2022-10-14 17:39:07]  Transfer-Encoding:chunked
13481 DEBUG [2022-10-14 17:39:07]  Connection:keep-alive
13481 DEBUG [2022-10-14 17:39:07]  Vary:Accept-Encoding
13481 DEBUG [2022-10-14 17:39:07]  X-Via-SSL:ssl.140.sinag1.yf.lb.sinanode.com
13481 WARN  [2022-10-14 17:39:07]  Going to buffer response body of large or unknown size. Using getResponseBodyAsStream instead is recommended.
